2019-12-14 18:20:25.505 DEBUG 23212 --- [main] o.s.w.c.s.StandardServletEnvironment     : Adding [servletConfigInitParams] PropertySource with lowest search precedence
2019-12-14 18:20:25.509 DEBUG 23212 --- [main] o.s.w.c.s.StandardServletEnvironment     : Adding [servletContextInitParams] PropertySource with lowest search precedence
2019-12-14 18:20:25.510 DEBUG 23212 --- [main] o.s.w.c.s.StandardServletEnvironment     : Adding [systemProperties] PropertySource with lowest search precedence
2019-12-14 18:20:25.510 DEBUG 23212 --- [main] o.s.w.c.s.StandardServletEnvironment     : Adding [systemEnvironment] PropertySource with lowest search precedence
2019-12-14 18:20:25.511 DEBUG 23212 --- [main] o.s.w.c.s.StandardServletEnvironment     : Initialized StandardServletEnvironment with PropertySources [servletConfigInitParams,servletContextInitParams,systemProperties,systemEnvironment]
2019-12-14 18:20:25.591  INFO 23212 --- [main] com.howie.shirojwt.ShiroJwtApplication   : Starting ShiroJwtApplication on DESKTOP-IT27GG1 with PID 23212 (C:\Users\fengyin\Documents\spingboot_programe\Shiro-SpringBoot-master\Shiro-SpringBoot-master\shiroJWT\target\classes started by fengyin in C:\Users\fengyin\Documents\spingboot_programe\shiro-learn)
2019-12-14 18:20:25.591  INFO 23212 --- [main] com.howie.shirojwt.ShiroJwtApplication   : No active profile set, falling back to default profiles: default
2019-12-14 18:20:25.661  INFO 23212 --- [main] ationConfigEmbeddedWebApplicationContext : Refreshing org.springframework.boot.context.embedded.AnnotationConfigEmbeddedWebApplicationContext@64d2d351: startup date [Sat Dec 14 18:20:25 CST 2019]; root of context hierarchy
2019-12-14 18:20:27.433 DEBUG 23212 --- [main] o.s.w.c.s.StandardServletEnvironment     : Adding [applicationConfig: [classpath:/application.properties]] PropertySource with search precedence immediately lower than [applicationConfigurationProperties]
2019-12-14 18:20:27.436 DEBUG 23212 --- [main] o.s.w.c.s.StandardServletEnvironment     : Removing [applicationConfigurationProperties] PropertySource
2019-12-14 18:20:27.437 DEBUG 23212 --- [main] o.s.w.c.s.StandardServletEnvironment     : Removing [defaultProperties] PropertySource
2019-12-14 18:20:27.553  INFO 23212 --- [main] trationDelegate$BeanPostProcessorChecker : Bean 'shiroConfig' of type [com.howie.shirojwt.config.ShiroConfig$$EnhancerBySpringCGLIB$$27e3d899] is not eligible for getting processed by all BeanPostProcessors (for example: not eligible for auto-proxying)
2019-12-14 18:20:27.972  INFO 23212 --- [main] trationDelegate$BeanPostProcessorChecker : Bean 'mybatis-org.mybatis.spring.boot.autoconfigure.MybatisProperties' of type [org.mybatis.spring.boot.autoconfigure.MybatisProperties] is not eligible for getting processed by all BeanPostProcessors (for example: not eligible for auto-proxying)
2019-12-14 18:20:27.988  INFO 23212 --- [main] trationDelegate$BeanPostProcessorChecker : Bean 'org.mybatis.spring.boot.autoconfigure.MybatisAutoConfiguration' of type [org.mybatis.spring.boot.autoconfigure.MybatisAutoConfiguration$$EnhancerBySpringCGLIB$$c86ceb94] is not eligible for getting processed by all BeanPostProcessors (for example: not eligible for auto-proxying)
2019-12-14 18:20:27.993  INFO 23212 --- [main] trationDelegate$BeanPostProcessorChecker : Bean 'org.springframework.boot.autoconfigure.jdbc.DataSourceConfiguration$Tomcat' of type [org.springframework.boot.autoconfigure.jdbc.DataSourceConfiguration$Tomcat] is not eligible for getting processed by all BeanPostProcessors (for example: not eligible for auto-proxying)
2019-12-14 18:20:28.023  INFO 23212 --- [main] trationDelegate$BeanPostProcessorChecker : Bean 'spring.datasource-org.springframework.boot.autoconfigure.jdbc.DataSourceProperties' of type [org.springframework.boot.autoconfigure.jdbc.DataSourceProperties] is not eligible for getting processed by all BeanPostProcessors (for example: not eligible for auto-proxying)
2019-12-14 18:20:28.174  INFO 23212 --- [main] trationDelegate$BeanPostProcessorChecker : Bean 'dataSource' of type [org.apache.tomcat.jdbc.pool.DataSource] is not eligible for getting processed by all BeanPostProcessors (for example: not eligible for auto-proxying)
2019-12-14 18:20:28.499  INFO 23212 --- [main] trationDelegate$BeanPostProcessorChecker : Bean 'sqlSessionFactory' of type [org.apache.ibatis.session.defaults.DefaultSqlSessionFactory] is not eligible for getting processed by all BeanPostProcessors (for example: not eligible for auto-proxying)
2019-12-14 18:20:28.516  INFO 23212 --- [main] trationDelegate$BeanPostProcessorChecker : Bean 'sqlSessionTemplate' of type [org.mybatis.spring.SqlSessionTemplate] is not eligible for getting processed by all BeanPostProcessors (for example: not eligible for auto-proxying)
2019-12-14 18:20:28.517  INFO 23212 --- [main] trationDelegate$BeanPostProcessorChecker : Bean 'userMapper' of type [org.mybatis.spring.mapper.MapperFactoryBean] is not eligible for getting processed by all BeanPostProcessors (for example: not eligible for auto-proxying)
2019-12-14 18:20:28.519  INFO 23212 --- [main] trationDelegate$BeanPostProcessorChecker : Bean 'userMapper' of type [com.sun.proxy.$Proxy56] is not eligible for getting processed by all BeanPostProcessors (for example: not eligible for auto-proxying)
2019-12-14 18:20:28.537  INFO 23212 --- [main] trationDelegate$BeanPostProcessorChecker : Bean 'customRealm' of type [com.howie.shirojwt.shiro.CustomRealm] is not eligible for getting processed by all BeanPostProcessors (for example: not eligible for auto-proxying)
2019-12-14 18:20:29.306  INFO 23212 --- [main] trationDelegate$BeanPostProcessorChecker : Bean 'securityManager' of type [org.apache.shiro.web.mgt.DefaultWebSecurityManager] is not eligible for getting processed by all BeanPostProcessors (for example: not eligible for auto-proxying)
2019-12-14 18:20:29.364  INFO 23212 --- [main] trationDelegate$BeanPostProcessorChecker : Bean 'org.springframework.transaction.annotation.ProxyTransactionManagementConfiguration' of type [org.springframework.transaction.annotation.ProxyTransactionManagementConfiguration$$EnhancerBySpringCGLIB$$95989a64] is not eligible for getting processed by all BeanPostProcessors (for example: not eligible for auto-proxying)
2019-12-14 18:20:29.378  INFO 23212 --- [main] trationDelegate$BeanPostProcessorChecker : Bean 'authorizationAttributeSourceAdvisor' of type [org.apache.shiro.spring.security.interceptor.AuthorizationAttributeSourceAdvisor] is not eligible for getting processed by all BeanPostProcessors (for example: not eligible for auto-proxying)
2019-12-14 18:20:29.711  INFO 23212 --- [main] s.b.c.e.t.TomcatEmbeddedServletContainer : Tomcat initialized with port(s): 8080 (http)
2019-12-14 18:20:29.722  INFO 23212 --- [main] o.apache.catalina.core.StandardService   : Starting service [Tomcat]
2019-12-14 18:20:29.723  INFO 23212 --- [main] org.apache.catalina.core.StandardEngine  : Starting Servlet Engine: Apache Tomcat/8.5.16
2019-12-14 18:20:29.830  INFO 23212 --- [localhost-startStop-1] o.a.c.c.C.[Tomcat].[localhost].[/]       : Initializing Spring embedded WebApplicationContext
2019-12-14 18:20:29.830 DEBUG 23212 --- [localhost-startStop-1] o.s.web.context.ContextLoader            : Published root WebApplicationContext as ServletContext attribute with name [org.springframework.web.context.WebApplicationContext.ROOT]
2019-12-14 18:20:29.830  INFO 23212 --- [localhost-startStop-1] o.s.web.context.ContextLoader            : Root WebApplicationContext: initialization completed in 4169 ms
2019-12-14 18:20:30.038  INFO 23212 --- [localhost-startStop-1] o.s.b.w.servlet.ServletRegistrationBean  : Mapping servlet: 'dispatcherServlet' to [/]
2019-12-14 18:20:30.043  INFO 23212 --- [localhost-startStop-1] o.s.b.w.servlet.FilterRegistrationBean   : Mapping filter: 'characterEncodingFilter' to: [/*]
2019-12-14 18:20:30.043  INFO 23212 --- [localhost-startStop-1] o.s.b.w.servlet.FilterRegistrationBean   : Mapping filter: 'hiddenHttpMethodFilter' to: [/*]
2019-12-14 18:20:30.044  INFO 23212 --- [localhost-startStop-1] o.s.b.w.servlet.FilterRegistrationBean   : Mapping filter: 'httpPutFormContentFilter' to: [/*]
2019-12-14 18:20:30.044  INFO 23212 --- [localhost-startStop-1] o.s.b.w.servlet.FilterRegistrationBean   : Mapping filter: 'requestContextFilter' to: [/*]
2019-12-14 18:20:30.044  INFO 23212 --- [localhost-startStop-1] o.s.b.w.servlet.FilterRegistrationBean   : Mapping filter: 'factory' to: [/*]
2019-12-14 18:20:30.069 DEBUG 23212 --- [main] o.s.w.c.s.StandardServletEnvironment     : Replacing [servletContextInitParams] PropertySource with [servletContextInitParams]
2019-12-14 18:20:30.429  INFO 23212 --- [main] s.w.s.m.m.a.RequestMappingHandlerAdapter : Looking for @ControllerAdvice: org.springframework.boot.context.embedded.AnnotationConfigEmbeddedWebApplicationContext@64d2d351: startup date [Sat Dec 14 18:20:25 CST 2019]; root of context hierarchy
2019-12-14 18:20:30.492 DEBUG 23212 --- [main] s.w.s.m.m.a.RequestMappingHandlerMapping : Looking for request mappings in application context: org.springframework.boot.context.embedded.AnnotationConfigEmbeddedWebApplicationContext@64d2d351: startup date [Sat Dec 14 18:20:25 CST 2019]; root of context hierarchy
2019-12-14 18:20:30.504 DEBUG 23212 --- [main] s.w.s.m.m.a.RequestMappingHandlerMapping : 2 request handler methods found on class com.howie.shirojwt.controller.AdminController: {public com.howie.shirojwt.model.ResultMap com.howie.shirojwt.controller.AdminController.getUser()={[/admin/getUser],methods=[GET]}, public com.howie.shirojwt.model.ResultMap com.howie.shirojwt.controller.AdminController.updatePassword(java.lang.String)={[/admin/banUser],methods=[POST]}}
2019-12-14 18:20:30.504  INFO 23212 --- [main] s.w.s.m.m.a.RequestMappingHandlerMapping : Mapped "{[/admin/getUser],methods=[GET]}" onto public com.howie.shirojwt.model.ResultMap com.howie.shirojwt.controller.AdminController.getUser()
2019-12-14 18:20:30.507  INFO 23212 --- [main] s.w.s.m.m.a.RequestMappingHandlerMapping : Mapped "{[/admin/banUser],methods=[POST]}" onto public com.howie.shirojwt.model.ResultMap com.howie.shirojwt.controller.AdminController.updatePassword(java.lang.String)
2019-12-14 18:20:30.508 DEBUG 23212 --- [main] s.w.s.m.m.a.RequestMappingHandlerMapping : 1 request handler methods found on class com.howie.shirojwt.controller.GuestController: {public com.howie.shirojwt.model.ResultMap com.howie.shirojwt.controller.GuestController.login()={[/guest/welcome],methods=[GET]}}
2019-12-14 18:20:30.508  INFO 23212 --- [main] s.w.s.m.m.a.RequestMappingHandlerMapping : Mapped "{[/guest/welcome],methods=[GET]}" onto public com.howie.shirojwt.model.ResultMap com.howie.shirojwt.controller.GuestController.login()
2019-12-14 18:20:30.509 DEBUG 23212 --- [main] s.w.s.m.m.a.RequestMappingHandlerMapping : 2 request handler methods found on class com.howie.shirojwt.controller.LoginController: {public com.howie.shirojwt.model.ResultMap com.howie.shirojwt.controller.LoginController.unauthorized(java.lang.String) throws java.io.UnsupportedEncodingException={[/unauthorized/{message}]}, public com.howie.shirojwt.model.ResultMap com.howie.shirojwt.controller.LoginController.login(java.lang.String,java.lang.String)={[/login],methods=[POST]}}
2019-12-14 18:20:30.509  INFO 23212 --- [main] s.w.s.m.m.a.RequestMappingHandlerMapping : Mapped "{[/unauthorized/{message}]}" onto public com.howie.shirojwt.model.ResultMap com.howie.shirojwt.controller.LoginController.unauthorized(java.lang.String) throws java.io.UnsupportedEncodingException
2019-12-14 18:20:30.509  INFO 23212 --- [main] s.w.s.m.m.a.RequestMappingHandlerMapping : Mapped "{[/login],methods=[POST]}" onto public com.howie.shirojwt.model.ResultMap com.howie.shirojwt.controller.LoginController.login(java.lang.String,java.lang.String)
2019-12-14 18:20:30.511 DEBUG 23212 --- [main] s.w.s.m.m.a.RequestMappingHandlerMapping : 3 request handler methods found on class com.howie.shirojwt.controller.UserController: {public com.howie.shirojwt.model.ResultMap com.howie.shirojwt.controller.UserController.getMessage()={[/user/getMessage],methods=[GET]}, public com.howie.shirojwt.model.ResultMap com.howie.shirojwt.controller.UserController.updatePassword(java.lang.String,java.lang.String,java.lang.String)={[/user/updatePassword],methods=[POST]}, public com.howie.shirojwt.model.ResultMap com.howie.shirojwt.controller.UserController.getVipMessage()={[/user/getVipMessage],methods=[GET]}}
2019-12-14 18:20:30.512  INFO 23212 --- [main] s.w.s.m.m.a.RequestMappingHandlerMapping : Mapped "{[/user/getMessage],methods=[GET]}" onto public com.howie.shirojwt.model.ResultMap com.howie.shirojwt.controller.UserController.getMessage()
2019-12-14 18:20:30.512  INFO 23212 --- [main] s.w.s.m.m.a.RequestMappingHandlerMapping : Mapped "{[/user/updatePassword],methods=[POST]}" onto public com.howie.shirojwt.model.ResultMap com.howie.shirojwt.controller.UserController.updatePassword(java.lang.String,java.lang.String,java.lang.String)
2019-12-14 18:20:30.513  INFO 23212 --- [main] s.w.s.m.m.a.RequestMappingHandlerMapping : Mapped "{[/user/getVipMessage],methods=[GET]}" onto public com.howie.shirojwt.model.ResultMap com.howie.shirojwt.controller.UserController.getVipMessage()
2019-12-14 18:20:30.515 DEBUG 23212 --- [main] s.w.s.m.m.a.RequestMappingHandlerMapping : 2 request handler methods found on class org.springframework.boot.autoconfigure.web.BasicErrorController: {public org.springframework.http.ResponseEntity org.springframework.boot.autoconfigure.web.BasicErrorController.error(javax.servlet.http.HttpServletRequest)={[/error]}, public org.springframework.web.servlet.ModelAndView org.springframework.boot.autoconfigure.web.BasicErrorController.errorHtml(javax.servlet.http.HttpServletRequest,javax.servlet.http.HttpServletResponse)={[/error],produces=[text/html]}}
2019-12-14 18:20:30.515  INFO 23212 --- [main] s.w.s.m.m.a.RequestMappingHandlerMapping : Mapped "{[/error]}" onto public org.springframework.http.ResponseEntity<java.util.Map<java.lang.String, java.lang.Object>> org.springframework.boot.autoconfigure.web.BasicErrorController.error(javax.servlet.http.HttpServletRequest)
2019-12-14 18:20:30.516  INFO 23212 --- [main] s.w.s.m.m.a.RequestMappingHandlerMapping : Mapped "{[/error],produces=[text/html]}" onto public org.springframework.web.servlet.ModelAndView org.springframework.boot.autoconfigure.web.BasicErrorController.errorHtml(javax.servlet.http.HttpServletRequest,javax.servlet.http.HttpServletResponse)
2019-12-14 18:20:30.554 DEBUG 23212 --- [main] o.s.w.s.h.BeanNameUrlHandlerMapping      : Looking for URL mappings in application context: org.springframework.boot.context.embedded.AnnotationConfigEmbeddedWebApplicationContext@64d2d351: startup date [Sat Dec 14 18:20:25 CST 2019]; root of context hierarchy
2019-12-14 18:20:30.554 DEBUG 23212 --- [main] o.s.w.s.h.BeanNameUrlHandlerMapping      : Rejected bean name 'org.springframework.context.annotation.internalConfigurationAnnotationProcessor': no URL paths identified
2019-12-14 18:20:30.554 DEBUG 23212 --- [main] o.s.w.s.h.BeanNameUrlHandlerMapping      : Rejected bean name 'org.springframework.context.annotation.internalAutowiredAnnotationProcessor': no URL paths identified
2019-12-14 18:20:30.555 DEBUG 23212 --- [main] o.s.w.s.h.BeanNameUrlHandlerMapping      : Rejected bean name 'org.springframework.context.annotation.internalRequiredAnnotationProcessor': no URL paths identified
2019-12-14 18:20:30.555 DEBUG 23212 --- [main] o.s.w.s.h.BeanNameUrlHandlerMapping      : Rejected bean name 'org.springframework.context.annotation.internalCommonAnnotationProcessor': no URL paths identified
2019-12-14 18:20:30.555 DEBUG 23212 --- [main] o.s.w.s.h.BeanNameUrlHandlerMapping      : Rejected bean name 'org.springframework.context.event.internalEventListenerProcessor': no URL paths identified
2019-12-14 18:20:30.555 DEBUG 23212 --- [main] o.s.w.s.h.BeanNameUrlHandlerMapping      : Rejected bean name 'org.springframework.context.event.internalEventListenerFactory': no URL paths identified
2019-12-14 18:20:30.555 DEBUG 23212 --- [main] o.s.w.s.h.BeanNameUrlHandlerMapping      : Rejected bean name 'shiroJwtApplication': no URL paths identified
2019-12-14 18:20:30.555 DEBUG 23212 --- [main] o.s.w.s.h.BeanNameUrlHandlerMapping      : Rejected bean name 'org.springframework.boot.autoconfigure.internalCachingMetadataReaderFactory': no URL paths identified
2019-12-14 18:20:30.555 DEBUG 23212 --- [main] o.s.w.s.h.BeanNameUrlHandlerMapping      : Rejected bean name 'shiroConfig': no URL paths identified
2019-12-14 18:20:30.556 DEBUG 23212 --- [main] o.s.w.s.h.BeanNameUrlHandlerMapping      : Rejected bean name 'adminController': no URL paths identified
2019-12-14 18:20:30.556 DEBUG 23212 --- [main] o.s.w.s.h.BeanNameUrlHandlerMapping      : Rejected bean name 'exceptionController': no URL paths identified
2019-12-14 18:20:30.556 DEBUG 23212 --- [main] o.s.w.s.h.BeanNameUrlHandlerMapping      : Rejected bean name 'guestController': no URL paths identified
2019-12-14 18:20:30.556 DEBUG 23212 --- [main] o.s.w.s.h.BeanNameUrlHandlerMapping      : Rejected bean name 'loginController': no URL paths identified
2019-12-14 18:20:30.557 DEBUG 23212 --- [main] o.s.w.s.h.BeanNameUrlHandlerMapping      : Rejected bean name 'userController': no URL paths identified
2019-12-14 18:20:30.557 DEBUG 23212 --- [main] o.s.w.s.h.BeanNameUrlHandlerMapping      : Rejected bean name 'resultMap': no URL paths identified
2019-12-14 18:20:30.557 DEBUG 23212 --- [main] o.s.w.s.h.BeanNameUrlHandlerMapping      : Rejected bean name 'customRealm': no URL paths identified
2019-12-14 18:20:30.557 DEBUG 23212 --- [main] o.s.w.s.h.BeanNameUrlHandlerMapping      : Rejected bean name 'factory': no URL paths identified
2019-12-14 18:20:30.557 DEBUG 23212 --- [main] o.s.w.s.h.BeanNameUrlHandlerMapping      : Rejected bean name 'securityManager': no URL paths identified
2019-12-14 18:20:30.557 DEBUG 23212 --- [main] o.s.w.s.h.BeanNameUrlHandlerMapping      : Rejected bean name 'defaultAdvisorAutoProxyCreator': no URL paths identified
2019-12-14 18:20:30.557 DEBUG 23212 --- [main] o.s.w.s.h.BeanNameUrlHandlerMapping      : Rejected bean name 'authorizationAttributeSourceAdvisor': no URL paths identified
2019-12-14 18:20:30.557 DEBUG 23212 --- [main] o.s.w.s.h.BeanNameUrlHandlerMapping      : Rejected bean name 'lifecycleBeanPostProcessor': no URL paths identified
2019-12-14 18:20:30.557 DEBUG 23212 --- [main] o.s.w.s.h.BeanNameUrlHandlerMapping      : Rejected bean name 'org.springframework.boot.autoconfigure.AutoConfigurationPackages': no URL paths identified
2019-12-14 18:20:30.557 DEBUG 23212 --- [main] o.s.w.s.h.BeanNameUrlHandlerMapping      : Rejected bean name 'userMapper': no URL paths identified
2019-12-14 18:20:30.557 DEBUG 23212 --- [main] o.s.w.s.h.BeanNameUrlHandlerMapping      : Rejected bean name 'org.springframework.boot.autoconfigure.context.PropertyPlaceholderAutoConfiguration': no URL paths identified
2019-12-14 18:20:30.557 DEBUG 23212 --- [main] o.s.w.s.h.BeanNameUrlHandlerMapping      : Rejected bean name 'org.springframework.boot.autoconfigure.condition.BeanTypeRegistry': no URL paths identified
2019-12-14 18:20:30.557 DEBUG 23212 --- [main] o.s.w.s.h.BeanNameUrlHandlerMapping      : Rejected bean name 'propertySourcesPlaceholderConfigurer': no URL paths identified
2019-12-14 18:20:30.558 DEBUG 23212 --- [main] o.s.w.s.h.BeanNameUrlHandlerMapping      : Rejected bean name 'org.springframework.boot.autoconfigure.jackson.JacksonAutoConfiguration$Jackson2ObjectMapperBuilderCustomizerConfiguration': no URL paths identified
2019-12-14 18:20:30.558 DEBUG 23212 --- [main] o.s.w.s.h.BeanNameUrlHandlerMapping      : Rejected bean name 'standardJacksonObjectMapperBuilderCustomizer': no URL paths identified
2019-12-14 18:20:30.558 DEBUG 23212 --- [main] o.s.w.s.h.BeanNameUrlHandlerMapping      : Rejected bean name 'spring.jackson-org.springframework.boot.autoconfigure.jackson.JacksonProperties': no URL paths identified
2019-12-14 18:20:30.558 DEBUG 23212 --- [main] o.s.w.s.h.BeanNameUrlHandlerMapping      : Rejected bean name 'org.springframework.boot.context.properties.ConfigurationPropertiesBindingPostProcessor': no URL paths identified
2019-12-14 18:20:30.558 DEBUG 23212 --- [main] o.s.w.s.h.BeanNameUrlHandlerMapping      : Rejected bean name 'org.springframework.boot.context.properties.ConfigurationPropertiesBindingPostProcessor.store': no URL paths identified
2019-12-14 18:20:30.558 DEBUG 23212 --- [main] o.s.w.s.h.BeanNameUrlHandlerMapping      : Rejected bean name 'org.springframework.boot.autoconfigure.jackson.JacksonAutoConfiguration$JacksonObjectMapperBuilderConfiguration': no URL paths identified
2019-12-14 18:20:30.558 DEBUG 23212 --- [main] o.s.w.s.h.BeanNameUrlHandlerMapping      : Rejected bean name 'jacksonObjectMapperBuilder': no URL paths identified
2019-12-14 18:20:30.559 DEBUG 23212 --- [main] o.s.w.s.h.BeanNameUrlHandlerMapping      : Rejected bean name 'org.springframework.boot.autoconfigure.jackson.JacksonAutoConfiguration$JacksonObjectMapperConfiguration': no URL paths identified
2019-12-14 18:20:30.559 DEBUG 23212 --- [main] o.s.w.s.h.BeanNameUrlHandlerMapping      : Rejected bean name 'jacksonObjectMapper': no URL paths identified
2019-12-14 18:20:30.559 DEBUG 23212 --- [main] o.s.w.s.h.BeanNameUrlHandlerMapping      : Rejected bean name 'org.springframework.boot.autoconfigure.jackson.JacksonAutoConfiguration': no URL paths identified
2019-12-14 18:20:30.559 DEBUG 23212 --- [main] o.s.w.s.h.BeanNameUrlHandlerMapping      : Rejected bean name 'jsonComponentModule': no URL paths identified
2019-12-14 18:20:30.559 DEBUG 23212 --- [main] o.s.w.s.h.BeanNameUrlHandlerMapping      : Rejected bean name 'org.springframework.boot.autoconfigure.websocket.WebSocketAutoConfiguration$TomcatWebSocketConfiguration': no URL paths identified
2019-12-14 18:20:30.559 DEBUG 23212 --- [main] o.s.w.s.h.BeanNameUrlHandlerMapping      : Rejected bean name 'websocketContainerCustomizer': no URL paths identified
2019-12-14 18:20:30.559 DEBUG 23212 --- [main] o.s.w.s.h.BeanNameUrlHandlerMapping      : Rejected bean name 'org.springframework.boot.autoconfigure.websocket.WebSocketAutoConfiguration': no URL paths identified
2019-12-14 18:20:30.559 DEBUG 23212 --- [main] o.s.w.s.h.BeanNameUrlHandlerMapping      : Rejected bean name 'org.springframework.boot.autoconfigure.web.EmbeddedServletContainerAutoConfiguration$EmbeddedTomcat': no URL paths identified
2019-12-14 18:20:30.559 DEBUG 23212 --- [main] o.s.w.s.h.BeanNameUrlHandlerMapping      : Rejected bean name 'tomcatEmbeddedServletContainerFactory': no URL paths identified
2019-12-14 18:20:30.559 DEBUG 23212 --- [main] o.s.w.s.h.BeanNameUrlHandlerMapping      : Rejected bean name 'org.springframework.boot.autoconfigure.web.EmbeddedServletContainerAutoConfiguration': no URL paths identified
2019-12-14 18:20:30.560 DEBUG 23212 --- [main] o.s.w.s.h.BeanNameUrlHandlerMapping      : Rejected bean name 'embeddedServletContainerCustomizerBeanPostProcessor': no URL paths identified
2019-12-14 18:20:30.560 DEBUG 23212 --- [main] o.s.w.s.h.BeanNameUrlHandlerMapping      : Rejected bean name 'errorPageRegistrarBeanPostProcessor': no URL paths identified
2019-12-14 18:20:30.560 DEBUG 23212 --- [main] o.s.w.s.h.BeanNameUrlHandlerMapping      : Rejected bean name 'org.springframework.boot.autoconfigure.web.DispatcherServletAutoConfiguration$DispatcherServletConfiguration': no URL paths identified
2019-12-14 18:20:30.560 DEBUG 23212 --- [main] o.s.w.s.h.BeanNameUrlHandlerMapping      : Rejected bean name 'dispatcherServlet': no URL paths identified
2019-12-14 18:20:30.560 DEBUG 23212 --- [main] o.s.w.s.h.BeanNameUrlHandlerMapping      : Rejected bean name 'spring.mvc-org.springframework.boot.autoconfigure.web.WebMvcProperties': no URL paths identified
2019-12-14 18:20:30.560 DEBUG 23212 --- [main] o.s.w.s.h.BeanNameUrlHandlerMapping      : Rejected bean name 'org.springframework.boot.autoconfigure.web.DispatcherServletAutoConfiguration$DispatcherServletRegistrationConfiguration': no URL paths identified
2019-12-14 18:20:30.560 DEBUG 23212 --- [main] o.s.w.s.h.BeanNameUrlHandlerMapping      : Rejected bean name 'dispatcherServletRegistration': no URL paths identified
2019-12-14 18:20:30.561 DEBUG 23212 --- [main] o.s.w.s.h.BeanNameUrlHandlerMapping      : Rejected bean name 'org.springframework.boot.autoconfigure.web.DispatcherServletAutoConfiguration': no URL paths identified
2019-12-14 18:20:30.561 DEBUG 23212 --- [main] o.s.w.s.h.BeanNameUrlHandlerMapping      : Rejected bean name 'org.springframework.boot.autoconfigure.validation.ValidationAutoConfiguration': no URL paths identified
2019-12-14 18:20:30.561 DEBUG 23212 --- [main] o.s.w.s.h.BeanNameUrlHandlerMapping      : Rejected bean name 'defaultValidator': no URL paths identified
2019-12-14 18:20:30.561 DEBUG 23212 --- [main] o.s.w.s.h.BeanNameUrlHandlerMapping      : Rejected bean name 'methodValidationPostProcessor': no URL paths identified
2019-12-14 18:20:30.561 DEBUG 23212 --- [main] o.s.w.s.h.BeanNameUrlHandlerMapping      : Rejected bean name 'org.springframework.boot.autoconfigure.web.ErrorMvcAutoConfiguration$WhitelabelErrorViewConfiguration': no URL paths identified
2019-12-14 18:20:30.561 DEBUG 23212 --- [main] o.s.w.s.h.BeanNameUrlHandlerMapping      : Rejected bean name 'error': no URL paths identified
2019-12-14 18:20:30.561 DEBUG 23212 --- [main] o.s.w.s.h.BeanNameUrlHandlerMapping      : Rejected bean name 'beanNameViewResolver': no URL paths identified
2019-12-14 18:20:30.562 DEBUG 23212 --- [main] o.s.w.s.h.BeanNameUrlHandlerMapping      : Rejected bean name 'org.springframework.boot.autoconfigure.web.ErrorMvcAutoConfiguration$DefaultErrorViewResolverConfiguration': no URL paths identified
2019-12-14 18:20:30.562 DEBUG 23212 --- [main] o.s.w.s.h.BeanNameUrlHandlerMapping      : Rejected bean name 'conventionErrorViewResolver': no URL paths identified
2019-12-14 18:20:30.562 DEBUG 23212 --- [main] o.s.w.s.h.BeanNameUrlHandlerMapping      : Rejected bean name 'org.springframework.boot.autoconfigure.web.ErrorMvcAutoConfiguration': no URL paths identified
2019-12-14 18:20:30.562 DEBUG 23212 --- [main] o.s.w.s.h.BeanNameUrlHandlerMapping      : Rejected bean name 'errorAttributes': no URL paths identified
2019-12-14 18:20:30.562 DEBUG 23212 --- [main] o.s.w.s.h.BeanNameUrlHandlerMapping      : Rejected bean name 'basicErrorController': no URL paths identified
2019-12-14 18:20:30.562 DEBUG 23212 --- [main] o.s.w.s.h.BeanNameUrlHandlerMapping      : Rejected bean name 'errorPageCustomizer': no URL paths identified
2019-12-14 18:20:30.562 DEBUG 23212 --- [main] o.s.w.s.h.BeanNameUrlHandlerMapping      : Rejected bean name 'preserveErrorControllerTargetClassPostProcessor': no URL paths identified
2019-12-14 18:20:30.563 DEBUG 23212 --- [main] o.s.w.s.h.BeanNameUrlHandlerMapping      : Rejected bean name 'spring.resources-org.springframework.boot.autoconfigure.web.ResourceProperties': no URL paths identified
2019-12-14 18:20:30.563 DEBUG 23212 --- [main] o.s.w.s.h.BeanNameUrlHandlerMapping      : Rejected bean name 'org.springframework.boot.autoconfigure.web.WebMvcAutoConfiguration$EnableWebMvcConfiguration': no URL paths identified
2019-12-14 18:20:30.564 DEBUG 23212 --- [main] o.s.w.s.h.BeanNameUrlHandlerMapping      : Rejected bean name 'requestMappingHandlerAdapter': no URL paths identified
2019-12-14 18:20:30.564 DEBUG 23212 --- [main] o.s.w.s.h.BeanNameUrlHandlerMapping      : Rejected bean name 'requestMappingHandlerMapping': no URL paths identified
2019-12-14 18:20:30.564 DEBUG 23212 --- [main] o.s.w.s.h.BeanNameUrlHandlerMapping      : Rejected bean name 'mvcValidator': no URL paths identified
2019-12-14 18:20:30.564 DEBUG 23212 --- [main] o.s.w.s.h.BeanNameUrlHandlerMapping      : Rejected bean name 'mvcContentNegotiationManager': no URL paths identified
2019-12-14 18:20:30.565 DEBUG 23212 --- [main] o.s.w.s.h.BeanNameUrlHandlerMapping      : Rejected bean name 'mvcPathMatcher': no URL paths identified
2019-12-14 18:20:30.565 DEBUG 23212 --- [main] o.s.w.s.h.BeanNameUrlHandlerMapping      : Rejected bean name 'mvcUrlPathHelper': no URL paths identified
2019-12-14 18:20:30.565 DEBUG 23212 --- [main] o.s.w.s.h.BeanNameUrlHandlerMapping      : Rejected bean name 'viewControllerHandlerMapping': no URL paths identified
2019-12-14 18:20:30.565 DEBUG 23212 --- [main] o.s.w.s.h.BeanNameUrlHandlerMapping      : Rejected bean name 'beanNameHandlerMapping': no URL paths identified
2019-12-14 18:20:30.565 DEBUG 23212 --- [main] o.s.w.s.h.BeanNameUrlHandlerMapping      : Rejected bean name 'resourceHandlerMapping': no URL paths identified
2019-12-14 18:20:30.565 DEBUG 23212 --- [main] o.s.w.s.h.BeanNameUrlHandlerMapping      : Rejected bean name 'mvcResourceUrlProvider': no URL paths identified
2019-12-14 18:20:30.566 DEBUG 23212 --- [main] o.s.w.s.h.BeanNameUrlHandlerMapping      : Rejected bean name 'defaultServletHandlerMapping': no URL paths identified
2019-12-14 18:20:30.566 DEBUG 23212 --- [main] o.s.w.s.h.BeanNameUrlHandlerMapping      : Rejected bean name 'mvcConversionService': no URL paths identified
2019-12-14 18:20:30.566 DEBUG 23212 --- [main] o.s.w.s.h.BeanNameUrlHandlerMapping      : Rejected bean name 'mvcUriComponentsContributor': no URL paths identified
2019-12-14 18:20:30.566 DEBUG 23212 --- [main] o.s.w.s.h.BeanNameUrlHandlerMapping      : Rejected bean name 'httpRequestHandlerAdapter': no URL paths identified
2019-12-14 18:20:30.566 DEBUG 23212 --- [main] o.s.w.s.h.BeanNameUrlHandlerMapping      : Rejected bean name 'simpleControllerHandlerAdapter': no URL paths identified
2019-12-14 18:20:30.566 DEBUG 23212 --- [main] o.s.w.s.h.BeanNameUrlHandlerMapping      : Rejected bean name 'handlerExceptionResolver': no URL paths identified
2019-12-14 18:20:30.567 DEBUG 23212 --- [main] o.s.w.s.h.BeanNameUrlHandlerMapping      : Rejected bean name 'mvcViewResolver': no URL paths identified
2019-12-14 18:20:30.567 DEBUG 23212 --- [main] o.s.w.s.h.BeanNameUrlHandlerMapping      : Rejected bean name 'org.springframework.boot.autoconfigure.web.WebMvcAutoConfiguration$WebMvcAutoConfigurationAdapter$FaviconConfiguration': no URL paths identified
2019-12-14 18:20:30.567 DEBUG 23212 --- [main] o.s.w.s.h.BeanNameUrlHandlerMapping      : Rejected bean name 'faviconHandlerMapping': no URL paths identified
2019-12-14 18:20:30.567 DEBUG 23212 --- [main] o.s.w.s.h.BeanNameUrlHandlerMapping      : Rejected bean name 'faviconRequestHandler': no URL paths identified
2019-12-14 18:20:30.567 DEBUG 23212 --- [main] o.s.w.s.h.BeanNameUrlHandlerMapping      : Rejected bean name 'org.springframework.boot.autoconfigure.web.WebMvcAutoConfiguration$WebMvcAutoConfigurationAdapter': no URL paths identified
2019-12-14 18:20:30.568 DEBUG 23212 --- [main] o.s.w.s.h.BeanNameUrlHandlerMapping      : Rejected bean name 'defaultViewResolver': no URL paths identified
2019-12-14 18:20:30.568 DEBUG 23212 --- [main] o.s.w.s.h.BeanNameUrlHandlerMapping      : Rejected bean name 'viewResolver': no URL paths identified
2019-12-14 18:20:30.568 DEBUG 23212 --- [main] o.s.w.s.h.BeanNameUrlHandlerMapping      : Rejected bean name 'welcomePageHandlerMapping': no URL paths identified
2019-12-14 18:20:30.568 DEBUG 23212 --- [main] o.s.w.s.h.BeanNameUrlHandlerMapping      : Rejected bean name 'requestContextFilter': no URL paths identified
2019-12-14 18:20:30.568 DEBUG 23212 --- [main] o.s.w.s.h.BeanNameUrlHandlerMapping      : Rejected bean name 'org.springframework.boot.autoconfigure.web.WebMvcAutoConfiguration': no URL paths identified
2019-12-14 18:20:30.568 DEBUG 23212 --- [main] o.s.w.s.h.BeanNameUrlHandlerMapping      : Rejected bean name 'hiddenHttpMethodFilter': no URL paths identified
2019-12-14 18:20:30.569 DEBUG 23212 --- [main] o.s.w.s.h.BeanNameUrlHandlerMapping      : Rejected bean name 'httpPutFormContentFilter': no URL paths identified
2019-12-14 18:20:30.569 DEBUG 23212 --- [main] o.s.w.s.h.BeanNameUrlHandlerMapping      : Rejected bean name 'org.springframework.boot.autoconfigure.jdbc.DataSourceConfiguration$Tomcat': no URL paths identified
2019-12-14 18:20:30.569 DEBUG 23212 --- [main] o.s.w.s.h.BeanNameUrlHandlerMapping      : Rejected bean name 'dataSource': no URL paths identified
2019-12-14 18:20:30.569 DEBUG 23212 --- [main] o.s.w.s.h.BeanNameUrlHandlerMapping      : Rejected bean name 'org.springframework.boot.autoconfigure.jdbc.DataSourceAutoConfiguration$PooledDataSourceConfiguration': no URL paths identified
2019-12-14 18:20:30.569 DEBUG 23212 --- [main] o.s.w.s.h.BeanNameUrlHandlerMapping      : Rejected bean name 'org.springframework.boot.autoconfigure.jdbc.metadata.DataSourcePoolMetadataProvidersConfiguration$TomcatDataSourcePoolMetadataProviderConfiguration': no URL paths identified
2019-12-14 18:20:30.569 DEBUG 23212 --- [main] o.s.w.s.h.BeanNameUrlHandlerMapping      : Rejected bean name 'tomcatPoolDataSourceMetadataProvider': no URL paths identified
2019-12-14 18:20:30.569 DEBUG 23212 --- [main] o.s.w.s.h.BeanNameUrlHandlerMapping      : Rejected bean name 'org.springframework.boot.autoconfigure.jdbc.metadata.DataSourcePoolMetadataProvidersConfiguration': no URL paths identified
2019-12-14 18:20:30.570 DEBUG 23212 --- [main] o.s.w.s.h.BeanNameUrlHandlerMapping      : Rejected bean name 'org.springframework.boot.autoconfigure.jdbc.DataSourceAutoConfiguration': no URL paths identified
2019-12-14 18:20:30.570 DEBUG 23212 --- [main] o.s.w.s.h.BeanNameUrlHandlerMapping      : Rejected bean name 'dataSourceInitializer': no URL paths identified
2019-12-14 18:20:30.570 DEBUG 23212 --- [main] o.s.w.s.h.BeanNameUrlHandlerMapping      : Rejected bean name 'spring.datasource-org.springframework.boot.autoconfigure.jdbc.DataSourceProperties': no URL paths identified
2019-12-14 18:20:30.570 DEBUG 23212 --- [main] o.s.w.s.h.BeanNameUrlHandlerMapping      : Rejected bean name 'dataSourceInitializerPostProcessor': no URL paths identified
2019-12-14 18:20:30.570 DEBUG 23212 --- [main] o.s.w.s.h.BeanNameUrlHandlerMapping      : Rejected bean name 'org.mybatis.spring.boot.autoconfigure.MybatisAutoConfiguration': no URL paths identified
2019-12-14 18:20:30.570 DEBUG 23212 --- [main] o.s.w.s.h.BeanNameUrlHandlerMapping      : Rejected bean name 'sqlSessionFactory': no URL paths identified
2019-12-14 18:20:30.570 DEBUG 23212 --- [main] o.s.w.s.h.BeanNameUrlHandlerMapping      : Rejected bean name 'sqlSessionTemplate': no URL paths identified
2019-12-14 18:20:30.570 DEBUG 23212 --- [main] o.s.w.s.h.BeanNameUrlHandlerMapping      : Rejected bean name 'mybatis-org.mybatis.spring.boot.autoconfigure.MybatisProperties': no URL paths identified
2019-12-14 18:20:30.570 DEBUG 23212 --- [main] o.s.w.s.h.BeanNameUrlHandlerMapping      : Rejected bean name 'org.springframework.boot.autoconfigure.jmx.JmxAutoConfiguration': no URL paths identified
2019-12-14 18:20:30.570 DEBUG 23212 --- [main] o.s.w.s.h.BeanNameUrlHandlerMapping      : Rejected bean name 'mbeanExporter': no URL paths identified
2019-12-14 18:20:30.571 DEBUG 23212 --- [main] o.s.w.s.h.BeanNameUrlHandlerMapping      : Rejected bean name 'objectNamingStrategy': no URL paths identified
2019-12-14 18:20:30.571 DEBUG 23212 --- [main] o.s.w.s.h.BeanNameUrlHandlerMapping      : Rejected bean name 'mbeanServer': no URL paths identified
2019-12-14 18:20:30.571 DEBUG 23212 --- [main] o.s.w.s.h.BeanNameUrlHandlerMapping      : Rejected bean name 'org.springframework.boot.autoconfigure.admin.SpringApplicationAdminJmxAutoConfiguration': no URL paths identified
2019-12-14 18:20:30.571 DEBUG 23212 --- [main] o.s.w.s.h.BeanNameUrlHandlerMapping      : Rejected bean name 'springApplicationAdminRegistrar': no URL paths identified
2019-12-14 18:20:30.571 DEBUG 23212 --- [main] o.s.w.s.h.BeanNameUrlHandlerMapping      : Rejected bean name 'org.springframework.boot.autoconfigure.context.ConfigurationPropertiesAutoConfiguration': no URL paths identified
2019-12-14 18:20:30.571 DEBUG 23212 --- [main] o.s.w.s.h.BeanNameUrlHandlerMapping      : Rejected bean name 'org.springframework.boot.autoconfigure.dao.PersistenceExceptionTranslationAutoConfiguration': no URL paths identified
2019-12-14 18:20:30.571 DEBUG 23212 --- [main] o.s.w.s.h.BeanNameUrlHandlerMapping      : Rejected bean name 'persistenceExceptionTranslationPostProcessor': no URL paths identified
2019-12-14 18:20:30.572 DEBUG 23212 --- [main] o.s.w.s.h.BeanNameUrlHandlerMapping      : Rejected bean name 'org.springframework.boot.autoconfigure.web.HttpMessageConvertersAutoConfiguration$StringHttpMessageConverterConfiguration': no URL paths identified
2019-12-14 18:20:30.572 DEBUG 23212 --- [main] o.s.w.s.h.BeanNameUrlHandlerMapping      : Rejected bean name 'stringHttpMessageConverter': no URL paths identified
2019-12-14 18:20:30.572 DEBUG 23212 --- [main] o.s.w.s.h.BeanNameUrlHandlerMapping      : Rejected bean name 'spring.http.encoding-org.springframework.boot.autoconfigure.web.HttpEncodingProperties': no URL paths identified
2019-12-14 18:20:30.572 DEBUG 23212 --- [main] o.s.w.s.h.BeanNameUrlHandlerMapping      : Rejected bean name 'org.springframework.boot.autoconfigure.web.JacksonHttpMessageConvertersConfiguration$MappingJackson2HttpMessageConverterConfiguration': no URL paths identified
2019-12-14 18:20:30.572 DEBUG 23212 --- [main] o.s.w.s.h.BeanNameUrlHandlerMapping      : Rejected bean name 'mappingJackson2HttpMessageConverter': no URL paths identified
2019-12-14 18:20:30.572 DEBUG 23212 --- [main] o.s.w.s.h.BeanNameUrlHandlerMapping      : Rejected bean name 'org.springframework.boot.autoconfigure.web.JacksonHttpMessageConvertersConfiguration': no URL paths identified
2019-12-14 18:20:30.572 DEBUG 23212 --- [main] o.s.w.s.h.BeanNameUrlHandlerMapping      : Rejected bean name 'org.springframework.boot.autoconfigure.web.HttpMessageConvertersAutoConfiguration': no URL paths identified
2019-12-14 18:20:30.573 DEBUG 23212 --- [main] o.s.w.s.h.BeanNameUrlHandlerMapping      : Rejected bean name 'messageConverters': no URL paths identified
2019-12-14 18:20:30.573 DEBUG 23212 --- [main] o.s.w.s.h.BeanNameUrlHandlerMapping      : Rejected bean name 'org.springframework.boot.autoconfigure.info.ProjectInfoAutoConfiguration': no URL paths identified
2019-12-14 18:20:30.573 DEBUG 23212 --- [main] o.s.w.s.h.BeanNameUrlHandlerMapping      : Rejected bean name 'spring.info-org.springframework.boot.autoconfigure.info.ProjectInfoProperties': no URL paths identified
2019-12-14 18:20:30.573 DEBUG 23212 --- [main] o.s.w.s.h.BeanNameUrlHandlerMapping      : Rejected bean name 'org.springframework.boot.autoconfigure.jdbc.DataSourceTransactionManagerAutoConfiguration$DataSourceTransactionManagerConfiguration': no URL paths identified
2019-12-14 18:20:30.573 DEBUG 23212 --- [main] o.s.w.s.h.BeanNameUrlHandlerMapping      : Rejected bean name 'transactionManager': no URL paths identified
2019-12-14 18:20:30.574 DEBUG 23212 --- [main] o.s.w.s.h.BeanNameUrlHandlerMapping      : Rejected bean name 'org.springframework.boot.autoconfigure.jdbc.DataSourceTransactionManagerAutoConfiguration': no URL paths identified
2019-12-14 18:20:30.574 DEBUG 23212 --- [main] o.s.w.s.h.BeanNameUrlHandlerMapping      : Rejected bean name 'org.springframework.boot.autoconfigure.jdbc.JdbcTemplateAutoConfiguration': no URL paths identified
2019-12-14 18:20:30.575 DEBUG 23212 --- [main] o.s.w.s.h.BeanNameUrlHandlerMapping      : Rejected bean name 'jdbcTemplate': no URL paths identified
2019-12-14 18:20:30.575 DEBUG 23212 --- [main] o.s.w.s.h.BeanNameUrlHandlerMapping      : Rejected bean name 'namedParameterJdbcTemplate': no URL paths identified
2019-12-14 18:20:30.575 DEBUG 23212 --- [main] o.s.w.s.h.BeanNameUrlHandlerMapping      : Rejected bean name 'org.springframework.transaction.annotation.ProxyTransactionManagementConfiguration': no URL paths identified
2019-12-14 18:20:30.575 DEBUG 23212 --- [main] o.s.w.s.h.BeanNameUrlHandlerMapping      : Rejected bean name 'org.springframework.transaction.config.internalTransactionAdvisor': no URL paths identified
2019-12-14 18:20:30.575 DEBUG 23212 --- [main] o.s.w.s.h.BeanNameUrlHandlerMapping      : Rejected bean name 'transactionAttributeSource': no URL paths identified
2019-12-14 18:20:30.576 DEBUG 23212 --- [main] o.s.w.s.h.BeanNameUrlHandlerMapping      : Rejected bean name 'transactionInterceptor': no URL paths identified
2019-12-14 18:20:30.576 DEBUG 23212 --- [main] o.s.w.s.h.BeanNameUrlHandlerMapping      : Rejected bean name 'org.springframework.transaction.config.internalTransactionalEventListenerFactory': no URL paths identified
2019-12-14 18:20:30.576 DEBUG 23212 --- [main] o.s.w.s.h.BeanNameUrlHandlerMapping      : Rejected bean name 'org.springframework.boot.autoconfigure.transaction.TransactionAutoConfiguration$EnableTransactionManagementConfiguration$CglibAutoProxyConfiguration': no URL paths identified
2019-12-14 18:20:30.576 DEBUG 23212 --- [main] o.s.w.s.h.BeanNameUrlHandlerMapping      : Rejected bean name 'org.springframework.aop.config.internalAutoProxyCreator': no URL paths identified
2019-12-14 18:20:30.576 DEBUG 23212 --- [main] o.s.w.s.h.BeanNameUrlHandlerMapping      : Rejected bean name 'org.springframework.boot.autoconfigure.transaction.TransactionAutoConfiguration$EnableTransactionManagementConfiguration': no URL paths identified
2019-12-14 18:20:30.576 DEBUG 23212 --- [main] o.s.w.s.h.BeanNameUrlHandlerMapping      : Rejected bean name 'org.springframework.boot.autoconfigure.transaction.TransactionAutoConfiguration$TransactionTemplateConfiguration': no URL paths identified
2019-12-14 18:20:30.576 DEBUG 23212 --- [main] o.s.w.s.h.BeanNameUrlHandlerMapping      : Rejected bean name 'transactionTemplate': no URL paths identified
2019-12-14 18:20:30.577 DEBUG 23212 --- [main] o.s.w.s.h.BeanNameUrlHandlerMapping      : Rejected bean name 'org.springframework.boot.autoconfigure.transaction.TransactionAutoConfiguration': no URL paths identified
2019-12-14 18:20:30.577 DEBUG 23212 --- [main] o.s.w.s.h.BeanNameUrlHandlerMapping      : Rejected bean name 'platformTransactionManagerCustomizers': no URL paths identified
2019-12-14 18:20:30.577 DEBUG 23212 --- [main] o.s.w.s.h.BeanNameUrlHandlerMapping      : Rejected bean name 'spring.transaction-org.springframework.boot.autoconfigure.transaction.TransactionProperties': no URL paths identified
2019-12-14 18:20:30.577 DEBUG 23212 --- [main] o.s.w.s.h.BeanNameUrlHandlerMapping      : Rejected bean name 'org.springframework.boot.autoconfigure.web.HttpEncodingAutoConfiguration': no URL paths identified
2019-12-14 18:20:30.577 DEBUG 23212 --- [main] o.s.w.s.h.BeanNameUrlHandlerMapping      : Rejected bean name 'characterEncodingFilter': no URL paths identified
2019-12-14 18:20:30.577 DEBUG 23212 --- [main] o.s.w.s.h.BeanNameUrlHandlerMapping      : Rejected bean name 'localeCharsetMappingsCustomizer': no URL paths identified
2019-12-14 18:20:30.578 DEBUG 23212 --- [main] o.s.w.s.h.BeanNameUrlHandlerMapping      : Rejected bean name 'org.springframework.boot.autoconfigure.web.MultipartAutoConfiguration': no URL paths identified
2019-12-14 18:20:30.578 DEBUG 23212 --- [main] o.s.w.s.h.BeanNameUrlHandlerMapping      : Rejected bean name 'multipartConfigElement': no URL paths identified
2019-12-14 18:20:30.578 DEBUG 23212 --- [main] o.s.w.s.h.BeanNameUrlHandlerMapping      : Rejected bean name 'multipartResolver': no URL paths identified
2019-12-14 18:20:30.578 DEBUG 23212 --- [main] o.s.w.s.h.BeanNameUrlHandlerMapping      : Rejected bean name 'spring.http.multipart-org.springframework.boot.autoconfigure.web.MultipartProperties': no URL paths identified
2019-12-14 18:20:30.578 DEBUG 23212 --- [main] o.s.w.s.h.BeanNameUrlHandlerMapping      : Rejected bean name 'org.springframework.boot.autoconfigure.web.ServerPropertiesAutoConfiguration': no URL paths identified
2019-12-14 18:20:30.578 DEBUG 23212 --- [main] o.s.w.s.h.BeanNameUrlHandlerMapping      : Rejected bean name 'serverProperties': no URL paths identified
2019-12-14 18:20:30.578 DEBUG 23212 --- [main] o.s.w.s.h.BeanNameUrlHandlerMapping      : Rejected bean name 'duplicateServerPropertiesDetector': no URL paths identified
2019-12-14 18:20:30.578 DEBUG 23212 --- [main] o.s.w.s.h.BeanNameUrlHandlerMapping      : Rejected bean name 'org.springframework.boot.autoconfigure.web.WebClientAutoConfiguration$RestTemplateConfiguration': no URL paths identified
2019-12-14 18:20:30.578 DEBUG 23212 --- [main] o.s.w.s.h.BeanNameUrlHandlerMapping      : Rejected bean name 'restTemplateBuilder': no URL paths identified
2019-12-14 18:20:30.579 DEBUG 23212 --- [main] o.s.w.s.h.BeanNameUrlHandlerMapping      : Rejected bean name 'org.springframework.boot.autoconfigure.web.WebClientAutoConfiguration': no URL paths identified
2019-12-14 18:20:30.579 DEBUG 23212 --- [main] o.s.w.s.h.BeanNameUrlHandlerMapping      : Rejected bean name 'autoConfigurationReport': no URL paths identified
2019-12-14 18:20:30.579 DEBUG 23212 --- [main] o.s.w.s.h.BeanNameUrlHandlerMapping      : Rejected bean name 'springApplicationArguments': no URL paths identified
2019-12-14 18:20:30.579 DEBUG 23212 --- [main] o.s.w.s.h.BeanNameUrlHandlerMapping      : Rejected bean name 'springBootBanner': no URL paths identified
2019-12-14 18:20:30.580 DEBUG 23212 --- [main] o.s.w.s.h.BeanNameUrlHandlerMapping      : Rejected bean name 'springBootLoggingSystem': no URL paths identified
2019-12-14 18:20:30.580 DEBUG 23212 --- [main] o.s.w.s.h.BeanNameUrlHandlerMapping      : Rejected bean name 'environment': no URL paths identified
2019-12-14 18:20:30.580 DEBUG 23212 --- [main] o.s.w.s.h.BeanNameUrlHandlerMapping      : Rejected bean name 'systemProperties': no URL paths identified
2019-12-14 18:20:30.580 DEBUG 23212 --- [main] o.s.w.s.h.BeanNameUrlHandlerMapping      : Rejected bean name 'systemEnvironment': no URL paths identified
2019-12-14 18:20:30.580 DEBUG 23212 --- [main] o.s.w.s.h.BeanNameUrlHandlerMapping      : Rejected bean name 'org.springframework.context.annotation.ConfigurationClassPostProcessor.importRegistry': no URL paths identified
2019-12-14 18:20:30.580 DEBUG 23212 --- [main] o.s.w.s.h.BeanNameUrlHandlerMapping      : Rejected bean name 'messageSource': no URL paths identified
2019-12-14 18:20:30.580 DEBUG 23212 --- [main] o.s.w.s.h.BeanNameUrlHandlerMapping      : Rejected bean name 'applicationEventMulticaster': no URL paths identified
2019-12-14 18:20:30.580 DEBUG 23212 --- [main] o.s.w.s.h.BeanNameUrlHandlerMapping      : Rejected bean name 'servletContext': no URL paths identified
2019-12-14 18:20:30.580 DEBUG 23212 --- [main] o.s.w.s.h.BeanNameUrlHandlerMapping      : Rejected bean name 'contextParameters': no URL paths identified
2019-12-14 18:20:30.580 DEBUG 23212 --- [main] o.s.w.s.h.BeanNameUrlHandlerMapping      : Rejected bean name 'contextAttributes': no URL paths identified
2019-12-14 18:20:30.597  INFO 23212 --- [main] o.s.w.s.handler.SimpleUrlHandlerMapping  : Mapped URL path [/webjars/**] onto handler of type [class org.springframework.web.servlet.resource.ResourceHttpRequestHandler]
2019-12-14 18:20:30.597  INFO 23212 --- [main] o.s.w.s.handler.SimpleUrlHandlerMapping  : Mapped URL path [/**] onto handler of type [class org.springframework.web.servlet.resource.ResourceHttpRequestHandler]
2019-12-14 18:20:30.618 DEBUG 23212 --- [main] .m.m.a.ExceptionHandlerExceptionResolver : Looking for exception mappings: org.springframework.boot.context.embedded.AnnotationConfigEmbeddedWebApplicationContext@64d2d351: startup date [Sat Dec 14 18:20:25 CST 2019]; root of context hierarchy
2019-12-14 18:20:30.624  INFO 23212 --- [main] .m.m.a.ExceptionHandlerExceptionResolver : Detected @ExceptionHandler methods in exceptionController
2019-12-14 18:20:30.665  INFO 23212 --- [main] o.s.w.s.handler.SimpleUrlHandlerMapping  : Mapped URL path [/**/favicon.ico] onto handler of type [class org.springframework.web.servlet.resource.ResourceHttpRequestHandler]
2019-12-14 18:20:31.070  INFO 23212 --- [main] o.s.j.e.a.AnnotationMBeanExporter        : Registering beans for JMX exposure on startup
2019-12-14 18:20:31.087 DEBUG 23212 --- [main] o.s.w.s.resource.ResourceUrlProvider     : Looking for resource handler mappings
2019-12-14 18:20:31.089 DEBUG 23212 --- [main] o.s.w.s.resource.ResourceUrlProvider     : Found resource handler mapping: URL pattern="/**/favicon.ico", locations=[ServletContext resource [/], class path resource [META-INF/resources/], class path resource [resources/], class path resource [static/], class path resource [public/], class path resource []], resolvers=[org.springframework.web.servlet.resource.PathResourceResolver@53ed09e8]
2019-12-14 18:20:31.089 DEBUG 23212 --- [main] o.s.w.s.resource.ResourceUrlProvider     : Found resource handler mapping: URL pattern="/webjars/**", locations=[class path resource [META-INF/resources/webjars/]], resolvers=[org.springframework.web.servlet.resource.PathResourceResolver@60859f5a]
2019-12-14 18:20:31.089 DEBUG 23212 --- [main] o.s.w.s.resource.ResourceUrlProvider     : Found resource handler mapping: URL pattern="/**", locations=[ServletContext resource [/], class path resource [META-INF/resources/], class path resource [resources/], class path resource [static/], class path resource [public/]], resolvers=[org.springframework.web.servlet.resource.PathResourceResolver@1daf3b44]
2019-12-14 18:20:31.147  INFO 23212 --- [main] s.b.c.e.t.TomcatEmbeddedServletContainer : Tomcat started on port(s): 8080 (http)
2019-12-14 18:20:31.148 DEBUG 23212 --- [main] o.s.w.c.s.StandardServletEnvironment     : Adding [server.ports] PropertySource with highest search precedence
2019-12-14 18:20:31.154  INFO 23212 --- [main] com.howie.shirojwt.ShiroJwtApplication   : Started ShiroJwtApplication in 6.03 seconds (JVM running for 8.031)
